Determining if the Q_WS_WIN exist failed with the following output:
Change Dir: /net/cremi/costerta/espaces/travail/GeLog/build/CMakeFiles/CMakeTmp

Run Build Command:"/usr/bin/make" "cmTC_51f69/fast"
/usr/bin/make -f CMakeFiles/cmTC_51f69.dir/build.make CMakeFiles/cmTC_51f69.dir/build
make[1] : on entre dans le répertoire « /autofs/netapp/travail/costerta/GeLog/build/CMakeFiles/CMakeTmp »
Building CXX object CMakeFiles/cmTC_51f69.dir/CheckSymbolExists.cxx.o
/usr/bin/c++    -I/usr/include/qt4   -o CMakeFiles/cmTC_51f69.dir/CheckSymbolExists.cxx.o -c /net/cremi/costerta/espaces/travail/GeLog/build/CMakeFiles/CMakeTmp/CheckSymbolExists.cxx
/net/cremi/costerta/espaces/travail/GeLog/build/CMakeFiles/CMakeTmp/CheckSymbolExists.cxx: In function ‘int main(int, char**)’:
/net/cremi/costerta/espaces/travail/GeLog/build/CMakeFiles/CMakeTmp/CheckSymbolExists.cxx:8:19: error: ‘Q_WS_WIN’ was not declared in this scope
   return ((int*)(&Q_WS_WIN))[argc];
                   ^~~~~~~~
CMakeFiles/cmTC_51f69.dir/build.make:65 : la recette pour la cible « CMakeFiles/cmTC_51f69.dir/CheckSymbolExists.cxx.o » a échouée
make[1]: *** [CMakeFiles/cmTC_51f69.dir/CheckSymbolExists.cxx.o] Erreur 1
make[1] : on quitte le répertoire « /autofs/netapp/travail/costerta/GeLog/build/CMakeFiles/CMakeTmp »
Makefile:126 : la recette pour la cible « cmTC_51f69/fast » a échouée
make: *** [cmTC_51f69/fast] Erreur 2

File /net/cremi/costerta/espaces/travail/GeLog/build/CMakeFiles/CMakeTmp/CheckSymbolExists.cxx:
/* */
#include <QtCore/qglobal.h>

int main(int argc, char** argv)
{
  (void)argv;
#ifndef Q_WS_WIN
  return ((int*)(&Q_WS_WIN))[argc];
#else
  (void)argc;
  return 0;
#endif
}

Determining if the Q_WS_QWS exist failed with the following output:
Change Dir: /net/cremi/costerta/espaces/travail/GeLog/build/CMakeFiles/CMakeTmp

Run Build Command:"/usr/bin/make" "cmTC_86de9/fast"
/usr/bin/make -f CMakeFiles/cmTC_86de9.dir/build.make CMakeFiles/cmTC_86de9.dir/build
make[1] : on entre dans le répertoire « /autofs/netapp/travail/costerta/GeLog/build/CMakeFiles/CMakeTmp »
Building CXX object CMakeFiles/cmTC_86de9.dir/CheckSymbolExists.cxx.o
/usr/bin/c++    -I/usr/include/qt4   -o CMakeFiles/cmTC_86de9.dir/CheckSymbolExists.cxx.o -c /net/cremi/costerta/espaces/travail/GeLog/build/CMakeFiles/CMakeTmp/CheckSymbolExists.cxx
/net/cremi/costerta/espaces/travail/GeLog/build/CMakeFiles/CMakeTmp/CheckSymbolExists.cxx: In function ‘int main(int, char**)’:
/net/cremi/costerta/espaces/travail/GeLog/build/CMakeFiles/CMakeTmp/CheckSymbolExists.cxx:8:19: error: ‘Q_WS_QWS’ was not declared in this scope
   return ((int*)(&Q_WS_QWS))[argc];
                   ^~~~~~~~
CMakeFiles/cmTC_86de9.dir/build.make:65 : la recette pour la cible « CMakeFiles/cmTC_86de9.dir/CheckSymbolExists.cxx.o » a échouée
make[1]: *** [CMakeFiles/cmTC_86de9.dir/CheckSymbolExists.cxx.o] Erreur 1
make[1] : on quitte le répertoire « /autofs/netapp/travail/costerta/GeLog/build/CMakeFiles/CMakeTmp »
Makefile:126 : la recette pour la cible « cmTC_86de9/fast » a échouée
make: *** [cmTC_86de9/fast] Erreur 2

File /net/cremi/costerta/espaces/travail/GeLog/build/CMakeFiles/CMakeTmp/CheckSymbolExists.cxx:
/* */
#include <QtCore/qglobal.h>

int main(int argc, char** argv)
{
  (void)argv;
#ifndef Q_WS_QWS
  return ((int*)(&Q_WS_QWS))[argc];
#else
  (void)argc;
  return 0;
#endif
}

Determining if the Q_WS_MAC exist failed with the following output:
Change Dir: /net/cremi/costerta/espaces/travail/GeLog/build/CMakeFiles/CMakeTmp

Run Build Command:"/usr/bin/make" "cmTC_b8048/fast"
/usr/bin/make -f CMakeFiles/cmTC_b8048.dir/build.make CMakeFiles/cmTC_b8048.dir/build
make[1] : on entre dans le répertoire « /autofs/netapp/travail/costerta/GeLog/build/CMakeFiles/CMakeTmp »
Building CXX object CMakeFiles/cmTC_b8048.dir/CheckSymbolExists.cxx.o
/usr/bin/c++    -I/usr/include/qt4   -o CMakeFiles/cmTC_b8048.dir/CheckSymbolExists.cxx.o -c /net/cremi/costerta/espaces/travail/GeLog/build/CMakeFiles/CMakeTmp/CheckSymbolExists.cxx
/net/cremi/costerta/espaces/travail/GeLog/build/CMakeFiles/CMakeTmp/CheckSymbolExists.cxx: In function ‘int main(int, char**)’:
/net/cremi/costerta/espaces/travail/GeLog/build/CMakeFiles/CMakeTmp/CheckSymbolExists.cxx:8:19: error: ‘Q_WS_MAC’ was not declared in this scope
   return ((int*)(&Q_WS_MAC))[argc];
                   ^~~~~~~~
CMakeFiles/cmTC_b8048.dir/build.make:65 : la recette pour la cible « CMakeFiles/cmTC_b8048.dir/CheckSymbolExists.cxx.o » a échouée
make[1]: *** [CMakeFiles/cmTC_b8048.dir/CheckSymbolExists.cxx.o] Erreur 1
make[1] : on quitte le répertoire « /autofs/netapp/travail/costerta/GeLog/build/CMakeFiles/CMakeTmp »
Makefile:126 : la recette pour la cible « cmTC_b8048/fast » a échouée
make: *** [cmTC_b8048/fast] Erreur 2

File /net/cremi/costerta/espaces/travail/GeLog/build/CMakeFiles/CMakeTmp/CheckSymbolExists.cxx:
/* */
#include <QtCore/qglobal.h>

int main(int argc, char** argv)
{
  (void)argv;
#ifndef Q_WS_MAC
  return ((int*)(&Q_WS_MAC))[argc];
#else
  (void)argc;
  return 0;
#endif
}

